<?xml version="1.0" encoding="UTF-8"?>
<!-- Generated by org.testng.reporters.JUnitReportReporter -->
<testsuite hostname="DESKTOP-BQF1K81" failures="0" tests="1" name="testcases.GotoCards" time="3.015" errors="0" timestamp="2022-11-07T22:36:18 IST" skipped="0">
  <testcase classname="testcases.GotoCards" name="MoveToShippingCartAndClick" time="3.015"/>
  <system-out/>
</testsuite> <!-- testcases.GotoCards -->
