<?xml version="1.0" encoding="UTF-8"?>
<!-- Generated by org.testng.reporters.JUnitReportReporter -->
<testsuite hostname="DESKTOP-BQF1K81" failures="0" tests="2" name="testcases.SuccessOrder" time="9.961" errors="0" timestamp="2022-11-07T22:36:18 IST" skipped="0">
  <testcase classname="testcases.SuccessOrder" name="successfullprocessed" time="2.086"/>
  <system-out/>
  <testcase classname="testcases.SuccessOrder" name="orderDetails" time="7.875"/>
  <system-out/>
</testsuite> <!-- testcases.SuccessOrder -->
