<?xml version="1.0" encoding="UTF-8"?>
<!-- Generated by org.testng.reporters.JUnitReportReporter -->
<testsuite hostname="DESKTOP-BQF1K81" failures="0" tests="1" name="testcases.Login_Test" time="9.957" errors="0" timestamp="2022-11-07T22:36:18 IST" skipped="0">
  <testcase classname="testcases.Login_Test" name="EnterValidCredentials" time="9.957"/>
  <system-out/>
</testsuite> <!-- testcases.Login_Test -->
