<?xml version="1.0" encoding="UTF-8"?>
<!-- Generated by org.testng.reporters.JUnitReportReporter -->
<testsuite hostname="DESKTOP-BQF1K81" failures="0" tests="1" name="testcases.Logout" time="0.961" errors="0" timestamp="2022-11-07T22:36:18 IST" skipped="0">
  <testcase classname="testcases.Logout" name="logout" time="0.961"/>
  <system-out/>
</testsuite> <!-- testcases.Logout -->
