<?xml version="1.0" encoding="UTF-8"?>
<!-- Generated by org.testng.reporters.JUnitReportReporter -->
<testsuite hostname="DESKTOP-BQF1K81" failures="0" tests="1" name="testcases.BillingDetails" time="3.778" errors="0" timestamp="2022-11-07T21:55:54 IST" skipped="0">
  <testcase classname="testcases.BillingDetails" name="sheet1" time="3.778"/>
  <system-out/>
</testsuite> <!-- testcases.BillingDetails -->
