<?xml version="1.0" encoding="UTF-8"?>
<!-- Generated by org.testng.reporters.JUnitReportReporter -->
<testsuite hostname="DESKTOP-BQF1K81" failures="0" tests="3" name="testcases.BillingAddress" time="9.931" errors="0" timestamp="2022-11-07T22:36:18 IST" skipped="0">
  <testcase classname="testcases.BillingAddress" name="checkout" time="3.794"/>
  <system-out/>
  <testcase classname="testcases.BillingAddress" name="BillingAddressdropdown" time="2.189"/>
  <system-out/>
  <testcase classname="testcases.BillingAddress" name="BillingAdd" time="3.948"/>
  <system-out/>
</testsuite> <!-- testcases.BillingAddress -->
