<?xml version="1.0" encoding="UTF-8"?>
<!-- Generated by org.testng.reporters.JUnitReportReporter -->
<testsuite hostname="DESKTOP-BQF1K81" failures="0" tests="3" name="testcases.BillingAddress" time="11.508" errors="0" timestamp="2022-11-07T23:15:08 IST" skipped="0">
  <testcase classname="testcases.BillingAddress" name="checkout" time="3.943"/>
  <system-out/>
  <testcase classname="testcases.BillingAddress" name="BillingAddressdropdown" time="2.282"/>
  <system-out/>
  <testcase classname="testcases.BillingAddress" name="BillingAdd" time="5.283"/>
  <system-out/>
</testsuite> <!-- testcases.BillingAddress -->
