<?xml version="1.0" encoding="UTF-8"?>
<!-- Generated by org.testng.reporters.JUnitReportReporter -->
<testsuite hostname="DESKTOP-BQF1K81" failures="0" tests="1" name="testcases.AddItems" time="4.387" errors="0" timestamp="2022-11-07T23:15:08 IST" skipped="0">
  <testcase classname="testcases.AddItems" name="SelectBooksAddtocart" time="4.387"/>
  <system-out/>
</testsuite> <!-- testcases.AddItems -->
