<?xml version="1.0" encoding="UTF-8"?>
<!-- Generated by org.testng.reporters.JUnitReportReporter -->
<testsuite hostname="DESKTOP-BQF1K81" failures="0" tests="2" name="testcases.SuccessOrder" time="9.562" errors="0" timestamp="2022-11-07T23:15:08 IST" skipped="0">
  <testcase classname="testcases.SuccessOrder" name="successfullprocessed" time="2.167"/>
  <system-out/>
  <testcase classname="testcases.SuccessOrder" name="orderDetails" time="7.395"/>
  <system-out/>
</testsuite> <!-- testcases.SuccessOrder -->
