<?xml version="1.0" encoding="UTF-8"?>
<!-- Generated by org.testng.reporters.JUnitReportReporter -->
<testsuite hostname="DESKTOP-BQF1K81" failures="0" tests="6" name="testcases.CheckoutDetails" time="4.060" errors="0" timestamp="2022-11-07T23:15:08 IST" skipped="0">
  <testcase classname="testcases.CheckoutDetails" name="shippingAddress" time="0.140"/>
  <system-out/>
  <testcase classname="testcases.CheckoutDetails" name="shippingaddress" time="0.099"/>
  <system-out/>
  <testcase classname="testcases.CheckoutDetails" name="ShippingMethodNextDayAir" time="0.573"/>
  <system-out/>
  <testcase classname="testcases.CheckoutDetails" name="paymentmethod" time="0.517"/>
  <system-out/>
  <testcase classname="testcases.CheckoutDetails" name="paymentinfo" time="0.367"/>
  <system-out/>
  <testcase classname="testcases.CheckoutDetails" name="confirmorder" time="2.364"/>
  <system-out/>
</testsuite> <!-- testcases.CheckoutDetails -->
