<?xml version="1.0" encoding="UTF-8"?>
<!-- Generated by org.testng.reporters.JUnitReportReporter -->
<testsuite hostname="DESKTOP-BQF1K81" failures="0" tests="1" name="testcases.Login_Test" time="10.449" errors="0" timestamp="2022-11-07T23:15:08 IST" skipped="0">
  <testcase classname="testcases.Login_Test" name="EnterValidCredentials" time="10.449"/>
  <system-out/>
</testsuite> <!-- testcases.Login_Test -->
