<?xml version="1.0" encoding="UTF-8"?>
<!-- Generated by org.testng.reporters.JUnitReportReporter -->
<testsuite hostname="DESKTOP-BQF1K81" failures="0" tests="1" name="testcases.Logout" time="1.079" errors="0" timestamp="2022-11-07T23:15:08 IST" skipped="0">
  <testcase classname="testcases.Logout" name="logout" time="1.079"/>
  <system-out/>
</testsuite> <!-- testcases.Logout -->
